<?xml version="1.0" encoding="UTF-8" standalone="yes"?>
<testsuite name="Example 6 - testProductListingPageAddMultipleItemsToCart" tests="1" failures="0" skipped="0" timestamp="2022-12-05T19:57:35.994Z" time="20.139" package="com.saucelabs.mydemoapp.ios">
    <testcase name="testProductListingPageAddMultipleItemsToCart" classname="MyDemoAppUITests.ProductListingPageTest" time="10.284"/>
</testsuite>
