<?xml version="1.0" encoding="UTF-8" standalone="yes"?>
<testsuite name="Example 1 - Run all tests" tests="20" failures="1" skipped="0" timestamp="2022-12-05T19:35:21.260Z" time="110.917" package="com.saucelabs.mydemoapp.ios">
    <testcase name="testProductDetailsPrice" classname="MyDemoAppUITests.ProductDetailsTest" time="3.659"/>
    <testcase name="testNavigateToMore" classname="MyDemoAppUITests.NavigationTest" time="3.933"/>
    <testcase name="testProductDetails" classname="MyDemoAppUITests.ProductDetailsTest" time="3.784"/>
    <testcase name="testNavigateMoreToDrawing" classname="MyDemoAppUITests.NavigationTest" time="5.737"/>
    <testcase name="testProductListingPageAddMultipleItemsToCart" classname="MyDemoAppUITests.ProductListingPageTest" time="11.133"/>
    <testcase name="testNavigateMoreToQRCode" classname="MyDemoAppUITests.NavigationTest" time="5.7"/>
    <testcase name="testNavigateMoreToGeoLocation" classname="MyDemoAppUITests.NavigationTest" time="5.711"/>
    <testcase name="testProductDetailsColorsSwitch" classname="MyDemoAppUITests.ProductDetailsTest" time="4.348"/>
    <testcase name="testNavigateCartToCatalog" classname="MyDemoAppUITests.NavigationTest" time="5.91"/>
    <testcase name="testNavigateToCart" classname="MyDemoAppUITests.NavigationTest" time="3.732"/>
    <testcase name="testProductDetailsRatesSelection" classname="MyDemoAppUITests.ProductDetailsTest" time="4.363"/>
    <testcase name="testProductDetailsDecreaseNumberOfItems" classname="MyDemoAppUITests.ProductDetailsTest" time="4.115"/>
    <testcase name="testProductDetailsDefaultColor" classname="MyDemoAppUITests.ProductDetailsTest" time="3.839"/>
    <testcase name="testProductDetailsAddToCart" classname="MyDemoAppUITests.ProductDetailsTest" time="5.346">
        <failure>file: /Users/runner/work/my-demo-app-ios/my-demo-app-ios/MyDemoAppUITests/Tests/ProductDetailsTest.swift
line: 62
error: XCTAssertTrue failed</failure>
    </testcase>
    <testcase name="testNavigateMoreToAbout" classname="MyDemoAppUITests.NavigationTest" time="5.631"/>
    <testcase name="testProductListingPageAddItemToCart" classname="MyDemoAppUITests.ProductListingPageTest" time="6.297"/>
    <testcase name="testNavigateMoreToWebview" classname="MyDemoAppUITests.NavigationTest" time="5.666"/>
    <testcase name="testProductDetailsHighlights" classname="MyDemoAppUITests.ProductDetailsTest" time="3.762"/>
    <testcase name="testProductDetailsIncreaseNumberOfItems" classname="MyDemoAppUITests.ProductDetailsTest" time="4.817"/>
    <testcase name="testNavigateFromCartToCatalog" classname="MyDemoAppUITests.NavigationTest" time="4.754"/>
</testsuite>
