<?xml version="1.0" encoding="UTF-8" standalone="yes"?>
<testsuite name="Example 4 - testProductListingPageAddMultipleItemsToCart" tests="0" failures="0" skipped="0" timestamp="2022-12-05T19:41:52.050Z" time="0.0" package="com.saucelabs.mydemoapp.ios"/>
